{"accessKey":"JMYkzIVGuiFfXtKfoUEWY3SLqvx2qDHEV8pfuzNWPkzPEAJImk","isApp":false,"level":"info","message":"Imported ApiClient and User Credenetials","timestamp":"2022-09-12T11:34:34.106Z","username":"mayankmaurya"}
{"body":"{\"status_ind\":\"passed\"}","headers":{"Accept":"application/json","Authorization":"Basic bWF5YW5rbWF1cnlhOkpNWWt6SVZHdWlGZlh0S2ZvVUVXWTNTTHF2eDJxREhFVjhwZnV6TldQa3pQRUFKSW1r","Content-Type":"application/json","client":"npm-rest-client","version":"1.0.5"},"level":"info","message":"Api request options ","method":"PATCH","timestamp":"2022-09-12T11:34:39.342Z","url":"https://api.lambdatest.com/automation/api/v1/sessions/undefined"}
{"accessKey":"JMYkzIVGuiFfXtKfoUEWY3SLqvx2qDHEV8pfuzNWPkzPEAJImk","isApp":false,"level":"info","message":"Imported ApiClient and User Credenetials","timestamp":"2022-09-12T11:36:27.932Z","username":"mayankmaurya"}
{"body":"{\"name\":\"My Login application - should login with valid credentials\",\"status_ind\":\"passed\"}","headers":{"Accept":"application/json","Authorization":"Basic bWF5YW5rbWF1cnlhOkpNWWt6SVZHdWlGZlh0S2ZvVUVXWTNTTHF2eDJxREhFVjhwZnV6TldQa3pQRUFKSW1r","Content-Type":"application/json","client":"npm-rest-client","version":"1.0.5"},"level":"info","message":"Api request options ","method":"PATCH","timestamp":"2022-09-12T11:36:43.388Z","url":"https://api.lambdatest.com/automation/api/v1/sessions/7a358563fef91e822b98b4f741e9d3ad"}
{"level":"info","message":"Api response json :  Session updated successfully","status":"success","timestamp":"2022-09-12T11:36:44.447Z"}
{"accessKey":"JMYkzIVGuiFfXtKfoUEWY3SLqvx2qDHEV8pfuzNWPkzPEAJImk","isApp":false,"level":"info","message":"Imported ApiClient and User Credenetials","timestamp":"2022-09-12T11:43:48.573Z","username":"mayankmaurya"}
{"body":"{\"name\":\"My Login application - should login with valid credentials\",\"status_ind\":\"passed\"}","headers":{"Accept":"application/json","Authorization":"Basic bWF5YW5rbWF1cnlhOkpNWWt6SVZHdWlGZlh0S2ZvVUVXWTNTTHF2eDJxREhFVjhwZnV6TldQa3pQRUFKSW1r","Content-Type":"application/json","client":"npm-rest-client","version":"1.0.5"},"level":"info","message":"Api request options ","method":"PATCH","timestamp":"2022-09-12T11:44:05.832Z","url":"https://api.lambdatest.com/automation/api/v1/sessions/dc542da9754c3736796bca1e43dc292a"}
{"level":"info","message":"Api response json :  Session updated successfully","status":"success","timestamp":"2022-09-12T11:44:06.920Z"}
{"accessKey":"JMYkzIVGuiFfXtKfoUEWY3SLqvx2qDHEV8pfuzNWPkzPEAJImk","isApp":false,"level":"info","message":"Imported ApiClient and User Credenetials","timestamp":"2022-09-13T05:59:40.955Z","username":"mayankmaurya"}
{"body":"{\"name\":\"My Login application - should login with valid credentials\",\"status_ind\":\"passed\"}","headers":{"Accept":"application/json","Authorization":"Basic bWF5YW5rbWF1cnlhOkpNWWt6SVZHdWlGZlh0S2ZvVUVXWTNTTHF2eDJxREhFVjhwZnV6TldQa3pQRUFKSW1r","Content-Type":"application/json","client":"npm-rest-client","version":"1.0.5"},"level":"info","message":"Api request options ","method":"PATCH","timestamp":"2022-09-13T06:00:00.929Z","url":"https://api.lambdatest.com/automation/api/v1/sessions/d2fddfca40372eb4a3479af1b4d57d66"}
{"level":"info","message":"Api response json :  Session updated successfully","status":"success","timestamp":"2022-09-13T06:00:02.189Z"}
{"accessKey":"JMYkzIVGuiFfXtKfoUEWY3SLqvx2qDHEV8pfuzNWPkzPEAJImk","isApp":false,"level":"info","message":"Imported ApiClient and User Credenetials","timestamp":"2022-09-13T06:03:42.172Z","username":"mayankmaurya"}
{"body":"{\"name\":\"My Login application - should login with valid credentials\",\"status_ind\":\"passed\"}","headers":{"Accept":"application/json","Authorization":"Basic bWF5YW5rbWF1cnlhOkpNWWt6SVZHdWlGZlh0S2ZvVUVXWTNTTHF2eDJxREhFVjhwZnV6TldQa3pQRUFKSW1r","Content-Type":"application/json","client":"npm-rest-client","version":"1.0.5"},"level":"info","message":"Api request options ","method":"PATCH","timestamp":"2022-09-13T06:04:00.641Z","url":"https://api.lambdatest.com/automation/api/v1/sessions/61513ed7c83afbe9ddbd31cb8cb41cc6"}
{"level":"info","message":"Api response json :  Session updated successfully","status":"success","timestamp":"2022-09-13T06:04:01.822Z"}
{"accessKey":"JMYkzIVGuiFfXtKfoUEWY3SLqvx2qDHEV8pfuzNWPkzPEAJImk","isApp":false,"level":"info","message":"Imported ApiClient and User Credenetials","timestamp":"2022-09-13T06:06:44.377Z","username":"mayankmaurya"}
{"body":"{\"name\":\"My Login application - should login with valid credentials\",\"status_ind\":\"failed\"}","headers":{"Accept":"application/json","Authorization":"Basic bWF5YW5rbWF1cnlhOkpNWWt6SVZHdWlGZlh0S2ZvVUVXWTNTTHF2eDJxREhFVjhwZnV6TldQa3pQRUFKSW1r","Content-Type":"application/json","client":"npm-rest-client","version":"1.0.5"},"level":"info","message":"Api request options ","method":"PATCH","timestamp":"2022-09-13T06:07:16.810Z","url":"https://api.lambdatest.com/automation/api/v1/sessions/4fae428772496838984fb7c1671bc20a"}
{"level":"info","message":"Api response json :  Session updated successfully","status":"success","timestamp":"2022-09-13T06:07:17.516Z"}
{"accessKey":"JMYkzIVGuiFfXtKfoUEWY3SLqvx2qDHEV8pfuzNWPkzPEAJImk","isApp":false,"level":"info","message":"Imported ApiClient and User Credenetials","timestamp":"2022-09-13T06:10:24.341Z","username":"mayankmaurya"}
{"body":"{\"name\":\"My Login application - should login with valid credentials\",\"status_ind\":\"failed\"}","headers":{"Accept":"application/json","Authorization":"Basic bWF5YW5rbWF1cnlhOkpNWWt6SVZHdWlGZlh0S2ZvVUVXWTNTTHF2eDJxREhFVjhwZnV6TldQa3pQRUFKSW1r","Content-Type":"application/json","client":"npm-rest-client","version":"1.0.5"},"level":"info","message":"Api request options ","method":"PATCH","timestamp":"2022-09-13T06:10:53.292Z","url":"https://api.lambdatest.com/automation/api/v1/sessions/afc878d97d1a4c8ad819569d01f33a39"}
{"level":"info","message":"Api response json :  Session updated successfully","status":"success","timestamp":"2022-09-13T06:10:54.377Z"}
{"accessKey":"JMYkzIVGuiFfXtKfoUEWY3SLqvx2qDHEV8pfuzNWPkzPEAJImk","isApp":false,"level":"info","message":"Imported ApiClient and User Credenetials","timestamp":"2022-09-13T06:12:05.495Z","username":"mayankmaurya"}
{"body":"{\"name\":\"My Login application - should login with valid credentials\",\"status_ind\":\"failed\"}","headers":{"Accept":"application/json","Authorization":"Basic bWF5YW5rbWF1cnlhOkpNWWt6SVZHdWlGZlh0S2ZvVUVXWTNTTHF2eDJxREhFVjhwZnV6TldQa3pQRUFKSW1r","Content-Type":"application/json","client":"npm-rest-client","version":"1.0.5"},"level":"info","message":"Api request options ","method":"PATCH","timestamp":"2022-09-13T06:12:34.311Z","url":"https://api.lambdatest.com/automation/api/v1/sessions/3c6d1a45cd782421d551f3155f0b26cf"}
{"level":"info","message":"Api response json :  Session updated successfully","status":"success","timestamp":"2022-09-13T06:12:34.768Z"}
{"accessKey":"JMYkzIVGuiFfXtKfoUEWY3SLqvx2qDHEV8pfuzNWPkzPEAJImk","isApp":false,"level":"info","message":"Imported ApiClient and User Credenetials","timestamp":"2022-09-13T06:15:34.682Z","username":"mayankmaurya"}
{"body":"{\"name\":\"My Login application - should login with valid credentials\",\"status_ind\":\"passed\"}","headers":{"Accept":"application/json","Authorization":"Basic bWF5YW5rbWF1cnlhOkpNWWt6SVZHdWlGZlh0S2ZvVUVXWTNTTHF2eDJxREhFVjhwZnV6TldQa3pQRUFKSW1r","Content-Type":"application/json","client":"npm-rest-client","version":"1.0.5"},"level":"info","message":"Api request options ","method":"PATCH","timestamp":"2022-09-13T06:15:56.333Z","url":"https://api.lambdatest.com/automation/api/v1/sessions/ed7af748597ff4de18694250ab1c7d8a"}
{"level":"info","message":"Api response json :  Session updated successfully","status":"success","timestamp":"2022-09-13T06:15:57.414Z"}
{"accessKey":"JMYkzIVGuiFfXtKfoUEWY3SLqvx2qDHEV8pfuzNWPkzPEAJImk","isApp":false,"level":"info","message":"Imported ApiClient and User Credenetials","timestamp":"2022-09-13T06:16:53.151Z","username":"mayankmaurya"}
{"body":"{\"name\":\"My Login application - should login with valid credentials\",\"status_ind\":\"failed\"}","headers":{"Accept":"application/json","Authorization":"Basic bWF5YW5rbWF1cnlhOkpNWWt6SVZHdWlGZlh0S2ZvVUVXWTNTTHF2eDJxREhFVjhwZnV6TldQa3pQRUFKSW1r","Content-Type":"application/json","client":"npm-rest-client","version":"1.0.5"},"level":"info","message":"Api request options ","method":"PATCH","timestamp":"2022-09-13T06:17:23.550Z","url":"https://api.lambdatest.com/automation/api/v1/sessions/224311bffe2f3dc29970a1a0bf4b73e1"}
{"level":"info","message":"Api response json :  Session updated successfully","status":"success","timestamp":"2022-09-13T06:17:24.676Z"}
