{"level":"info","time":"2022-09-13T11:36:36.911+0530","caller":"cobra/command.go:854","msg":"LambdaTest Tunnel version: 3.1.24"}
{"level":"debug","time":"2022-09-13T11:36:36.913+0530","caller":"cmd/lt.go:205","msg":"Starting pipeline....."}
{"level":"debug","time":"2022-09-13T11:36:36.913+0530","caller":"cmd/lt.go:205","msg":"OS: windows, Arch: amd64"}
{"level":"debug","time":"2022-09-13T11:36:36.913+0530","caller":"cmd/lt.go:205","msg":"Fetching config"}
{"level":"debug","time":"2022-09-13T11:36:36.913+0530","caller":"runtime/asm_amd64.s:1371","msg":"Starting tunnel With flags: --user mayankmaurya --key ***** --controller npm --infoAPIPort 50429 --tunnelName LT-LP-02950429 --logFile LT-LP-02950429.log --port 50430"}
{"level":"debug","time":"2022-09-13T11:36:37.401+0530","caller":"cmd/lt.go:205","msg":"Remote config fetched"}
{"level":"debug","time":"2022-09-13T11:36:37.659+0530","caller":"core/lifecycle.go:152","msg":"Starting API server"}
{"level":"debug","time":"2022-09-13T11:36:37.659+0530","caller":"runtime/asm_amd64.s:1371","msg":"Trying on port 22"}
{"level":"debug","time":"2022-09-13T11:36:37.659+0530","caller":"apiserver/setup.go:173","msg":"Starting API server for tunnel info on port: 50429"}
{"level":"debug","time":"2022-09-13T11:36:37.659+0530","caller":"core/lifecycle.go:138","msg":"Starting sink proxy"}
{"level":"debug","time":"2022-09-13T11:36:37.659+0530","caller":"runtime/asm_amd64.s:1371","msg":"Trying over ssh over ws"}
{"level":"debug","time":"2022-09-13T11:36:37.659+0530","caller":"runtime/asm_amd64.s:1371","msg":"Trying on port 443"}
{"level":"info","time":"2022-09-13T11:36:37.710+0530","caller":"custom/setup.go:740","msg":"Tunnel binary started on port :50430"}
{"level":"debug","time":"2022-09-13T11:36:37.777+0530","caller":"runtime/asm_amd64.s:1371","msg":"WSS connection was successful"}
{"level":"debug","time":"2022-09-13T11:36:38.435+0530","caller":"runtime/asm_amd64.s:1371","msg":"SSH connection over port 443 successful"}
{"level":"debug","time":"2022-09-13T11:36:38.465+0530","caller":"runtime/asm_amd64.s:1371","msg":"SSH connection over ws successful"}
{"level":"debug","time":"2022-09-13T11:36:38.512+0530","caller":"runtime/asm_amd64.s:1371","msg":"SSH connection over port 22 successful"}
{"level":"info","time":"2022-09-13T11:36:38.512+0530","caller":"core/lifecycle.go:115","msg":"Using ssh(over_22) :: connection mode"}
{"level":"info","time":"2022-09-13T11:36:38.512+0530","caller":"cmd/lt.go:205","msg":"Launching tunnel"}
{"level":"debug","time":"2022-09-13T11:36:38.513+0530","caller":"core/lifecycle.go:233","msg":"Starting control ws connection at wss://ts.lambdatest.com/monitor"}
{"level":"debug","time":"2022-09-13T11:36:39.620+0530","caller":"core/lifecycle.go:233","msg":"Control ws channel opened"}
{"level":"debug","time":"2022-09-13T11:36:39.620+0530","caller":"runtime/asm_amd64.s:1371","msg":"Starting message listener on control connection"}
{"level":"debug","time":"2022-09-13T11:36:41.055+0530","caller":"runtime/asm_amd64.s:1371","msg":"Sending tunnel registered message to channels"}
{"level":"debug","time":"2022-09-13T11:36:41.057+0530","caller":"runtime/asm_amd64.s:1371","msg":"Tunnel registered message received on control channel"}
{"level":"debug","time":"2022-09-13T11:36:41.057+0530","caller":"runtime/asm_amd64.s:1371","msg":"controller bus registered"}
{"level":"debug","time":"2022-09-13T11:36:41.057+0530","caller":"core/lifecycle.go:283","msg":"Using 5 ssh connection"}
{"level":"debug","time":"2022-09-13T11:36:41.918+0530","caller":"runtime/asm_amd64.s:1371","msg":"Successfully started sshd listener on port: 31842"}
{"level":"debug","time":"2022-09-13T11:36:41.918+0530","caller":"runtime/asm_amd64.s:1371","msg":"Successfully started sshd listener on port: 28054"}
{"level":"debug","time":"2022-09-13T11:36:41.918+0530","caller":"runtime/asm_amd64.s:1371","msg":"Successfully started sshd listener on port: 20255"}
{"level":"info","time":"2022-09-13T11:36:41.918+0530","caller":"runtime/asm_amd64.s:1371","msg":"You can start testing now"}
{"level":"info","time":"2022-09-13T11:36:41.918+0530","caller":"runtime/asm_amd64.s:1371","msg":"Tunnel ID: 2124860"}
{"level":"debug","time":"2022-09-13T11:36:41.918+0530","caller":"runtime/asm_amd64.s:1371","msg":"Remote Listener Started on Port 27630"}
{"level":"debug","time":"2022-09-13T11:36:41.959+0530","caller":"runtime/asm_amd64.s:1371","msg":"Successfully started sshd listener on port: 25865"}
{"level":"debug","time":"2022-09-13T11:36:42.060+0530","caller":"runtime/asm_amd64.s:1371","msg":"Successfully started sshd listener on port: 13004"}
{"level":"debug","time":"2022-09-13T11:36:52.258+0530","caller":"runtime/asm_amd64.s:1371","msg":"handling connect request for URL https://accounts.google.com:443"}
{"level":"debug","time":"2022-09-13T11:36:53.992+0530","caller":"runtime/asm_amd64.s:1371","msg":"handling connect request for URL https://the-internet.herokuapp.com:443"}
{"level":"debug","time":"2022-09-13T11:36:54.000+0530","caller":"runtime/asm_amd64.s:1371","msg":"handling connect request for URL https://the-internet.herokuapp.com:443"}
{"level":"debug","time":"2022-09-13T11:36:54.636+0530","caller":"runtime/asm_amd64.s:1371","msg":"handling connect request for URL https://accounts.google.com:443"}
{"level":"debug","time":"2022-09-13T11:36:57.162+0530","caller":"runtime/asm_amd64.s:1371","msg":"handling connect request for URL https://the-internet.herokuapp.com:443"}
{"level":"debug","time":"2022-09-13T11:36:57.164+0530","caller":"runtime/asm_amd64.s:1371","msg":"handling connect request for URL https://the-internet.herokuapp.com:443"}
{"level":"debug","time":"2022-09-13T11:36:57.179+0530","caller":"runtime/asm_amd64.s:1371","msg":"handling connect request for URL https://the-internet.herokuapp.com:443"}
{"level":"debug","time":"2022-09-13T11:36:57.185+0530","caller":"runtime/asm_amd64.s:1371","msg":"handling connect request for URL https://the-internet.herokuapp.com:443"}
{"level":"debug","time":"2022-09-13T11:37:00.874+0530","caller":"runtime/asm_amd64.s:1371","msg":"handling connect request for URL https://298279967.log.optimizely.com:443"}
{"level":"warn","time":"2022-09-13T11:37:00.880+0530","caller":"custom/setup.go:660","msg":"error while tunneling https request for host 298279967.log.optimizely.com:443, dial tcp: lookup 298279967.log.optimizely.com: no such host"}
{"level":"debug","time":"2022-09-13T11:37:02.399+0530","caller":"runtime/asm_amd64.s:1371","msg":"handling connect request for URL https://298279967.log.optimizely.com:443"}
{"level":"warn","time":"2022-09-13T11:37:02.412+0530","caller":"custom/setup.go:660","msg":"error while tunneling https request for host 298279967.log.optimizely.com:443, dial tcp: lookup 298279967.log.optimizely.com: no such host"}
{"level":"debug","time":"2022-09-13T11:37:06.279+0530","caller":"runtime/asm_amd64.s:1371","msg":"handling connect request for URL https://298279967.log.optimizely.com:443"}
{"level":"warn","time":"2022-09-13T11:37:06.311+0530","caller":"custom/setup.go:660","msg":"error while tunneling https request for host 298279967.log.optimizely.com:443, dial tcp: lookup 298279967.log.optimizely.com: no such host"}
{"level":"debug","time":"2022-09-13T11:37:07.510+0530","caller":"runtime/asm_amd64.s:1371","msg":"handling connect request for URL https://298279967.log.optimizely.com:443"}
{"level":"debug","time":"2022-09-13T11:37:07.511+0530","caller":"runtime/asm_amd64.s:1371","msg":"handling connect request for URL https://298279967.log.optimizely.com:443"}
{"level":"warn","time":"2022-09-13T11:37:07.514+0530","caller":"custom/setup.go:660","msg":"error while tunneling https request for host 298279967.log.optimizely.com:443, dial tcp: lookup 298279967.log.optimizely.com: no such host"}
{"level":"warn","time":"2022-09-13T11:37:07.514+0530","caller":"custom/setup.go:660","msg":"error while tunneling https request for host 298279967.log.optimizely.com:443, dial tcp: lookup 298279967.log.optimizely.com: no such host"}
{"level":"debug","time":"2022-09-13T11:37:07.522+0530","caller":"runtime/asm_amd64.s:1371","msg":"handling connect request for URL https://298279967.log.optimizely.com:443"}
{"level":"warn","time":"2022-09-13T11:37:07.523+0530","caller":"custom/setup.go:660","msg":"error while tunneling https request for host 298279967.log.optimizely.com:443, dial tcp: lookup 298279967.log.optimizely.com: no such host"}
{"level":"debug","time":"2022-09-13T11:37:07.820+0530","caller":"runtime/asm_amd64.s:1371","msg":"handling connect request for URL https://298279967.log.optimizely.com:443"}
{"level":"warn","time":"2022-09-13T11:37:07.821+0530","caller":"custom/setup.go:660","msg":"error while tunneling https request for host 298279967.log.optimizely.com:443, dial tcp: lookup 298279967.log.optimizely.com: no such host"}
{"level":"debug","time":"2022-09-13T11:37:09.011+0530","caller":"runtime/asm_amd64.s:1371","msg":"handling connect request for URL https://298279967.log.optimizely.com:443"}
{"level":"warn","time":"2022-09-13T11:37:09.012+0530","caller":"custom/setup.go:660","msg":"error while tunneling https request for host 298279967.log.optimizely.com:443, dial tcp: lookup 298279967.log.optimizely.com: no such host"}
{"level":"debug","time":"2022-09-13T11:37:09.020+0530","caller":"runtime/asm_amd64.s:1371","msg":"handling connect request for URL https://298279967.log.optimizely.com:443"}
{"level":"warn","time":"2022-09-13T11:37:09.021+0530","caller":"custom/setup.go:660","msg":"error while tunneling https request for host 298279967.log.optimizely.com:443, dial tcp: lookup 298279967.log.optimizely.com: no such host"}
{"level":"debug","time":"2022-09-13T11:37:09.046+0530","caller":"runtime/asm_amd64.s:1371","msg":"handling connect request for URL https://298279967.log.optimizely.com:443"}
{"level":"warn","time":"2022-09-13T11:37:09.047+0530","caller":"custom/setup.go:660","msg":"error while tunneling https request for host 298279967.log.optimizely.com:443, dial tcp: lookup 298279967.log.optimizely.com: no such host"}
{"level":"debug","time":"2022-09-13T11:37:18.002+0530","caller":"cmd/lt.go:205","msg":"Context cancelled"}
{"level":"debug","time":"2022-09-13T11:37:18.002+0530","caller":"runtime/asm_amd64.s:1371","msg":"Shutting down the server"}
{"level":"info","time":"2022-09-13T11:37:18.002+0530","caller":"cmd/lt.go:205","msg":"Stopping tunnel"}
{"level":"debug","time":"2022-09-13T11:37:18.002+0530","caller":"custom/setup.go:740","msg":"Exiting the sink proxy"}
{"level":"debug","time":"2022-09-13T11:37:18.002+0530","caller":"runtime/asm_amd64.s:1371","msg":"Unusual close error on control channel..."}
{"level":"debug","time":"2022-09-13T11:37:18.002+0530","caller":"runtime/asm_amd64.s:1371","msg":"Write loop ended for control channel"}
