{"level":"info","time":"2022-09-13T11:40:18.542+0530","caller":"cobra/command.go:854","msg":"LambdaTest Tunnel version: 3.1.24"}
{"level":"debug","time":"2022-09-13T11:40:18.542+0530","caller":"cmd/lt.go:205","msg":"Starting pipeline....."}
{"level":"debug","time":"2022-09-13T11:40:18.542+0530","caller":"cmd/lt.go:205","msg":"OS: windows, Arch: amd64"}
{"level":"debug","time":"2022-09-13T11:40:18.542+0530","caller":"cmd/lt.go:205","msg":"Fetching config"}
{"level":"debug","time":"2022-09-13T11:40:18.542+0530","caller":"runtime/asm_amd64.s:1371","msg":"Starting tunnel With flags: --user mayankmaurya --key ***** --controller npm --infoAPIPort 50968 --tunnelName LT-LP-02950968 --logFile LT-LP-02950968.log --port 50969"}
{"level":"debug","time":"2022-09-13T11:40:19.071+0530","caller":"cmd/lt.go:205","msg":"Remote config fetched"}
{"level":"debug","time":"2022-09-13T11:40:19.253+0530","caller":"core/lifecycle.go:152","msg":"Starting API server"}
{"level":"debug","time":"2022-09-13T11:40:19.254+0530","caller":"apiserver/setup.go:173","msg":"Starting API server for tunnel info on port: 50968"}
{"level":"debug","time":"2022-09-13T11:40:19.254+0530","caller":"core/lifecycle.go:138","msg":"Starting sink proxy"}
{"level":"debug","time":"2022-09-13T11:40:19.254+0530","caller":"runtime/asm_amd64.s:1371","msg":"Trying on port 22"}
{"level":"debug","time":"2022-09-13T11:40:19.254+0530","caller":"runtime/asm_amd64.s:1371","msg":"Trying over ssh over ws"}
{"level":"debug","time":"2022-09-13T11:40:19.254+0530","caller":"runtime/asm_amd64.s:1371","msg":"Trying on port 443"}
{"level":"info","time":"2022-09-13T11:40:19.309+0530","caller":"custom/setup.go:740","msg":"Tunnel binary started on port :50969"}
{"level":"debug","time":"2022-09-13T11:40:19.358+0530","caller":"runtime/asm_amd64.s:1371","msg":"WSS connection was successful"}
{"level":"debug","time":"2022-09-13T11:40:20.075+0530","caller":"runtime/asm_amd64.s:1371","msg":"SSH connection over port 443 successful"}
{"level":"debug","time":"2022-09-13T11:40:20.096+0530","caller":"runtime/asm_amd64.s:1371","msg":"SSH connection over ws successful"}
{"level":"debug","time":"2022-09-13T11:40:20.137+0530","caller":"runtime/asm_amd64.s:1371","msg":"SSH connection over port 22 successful"}
{"level":"info","time":"2022-09-13T11:40:20.138+0530","caller":"core/lifecycle.go:115","msg":"Using ssh(over_22) :: connection mode"}
{"level":"info","time":"2022-09-13T11:40:20.138+0530","caller":"cmd/lt.go:205","msg":"Launching tunnel"}
{"level":"debug","time":"2022-09-13T11:40:20.138+0530","caller":"core/lifecycle.go:233","msg":"Starting control ws connection at wss://ts.lambdatest.com/monitor"}
{"level":"debug","time":"2022-09-13T11:40:21.188+0530","caller":"core/lifecycle.go:233","msg":"Control ws channel opened"}
{"level":"debug","time":"2022-09-13T11:40:21.188+0530","caller":"runtime/asm_amd64.s:1371","msg":"Starting message listener on control connection"}
{"level":"debug","time":"2022-09-13T11:40:22.351+0530","caller":"runtime/asm_amd64.s:1371","msg":"Tunnel registered message received on control channel"}
{"level":"debug","time":"2022-09-13T11:40:22.351+0530","caller":"runtime/asm_amd64.s:1371","msg":"controller bus registered"}
{"level":"debug","time":"2022-09-13T11:40:22.351+0530","caller":"runtime/asm_amd64.s:1371","msg":"Sending tunnel registered message to channels"}
{"level":"debug","time":"2022-09-13T11:40:22.351+0530","caller":"core/lifecycle.go:283","msg":"Using 5 ssh connection"}
{"level":"debug","time":"2022-09-13T11:40:23.165+0530","caller":"runtime/asm_amd64.s:1371","msg":"Successfully started sshd listener on port: 29227"}
{"level":"debug","time":"2022-09-13T11:40:23.215+0530","caller":"runtime/asm_amd64.s:1371","msg":"Successfully started sshd listener on port: 6806"}
{"level":"info","time":"2022-09-13T11:40:23.215+0530","caller":"runtime/asm_amd64.s:1371","msg":"You can start testing now"}
{"level":"info","time":"2022-09-13T11:40:23.216+0530","caller":"runtime/asm_amd64.s:1371","msg":"Tunnel ID: 2124866"}
{"level":"debug","time":"2022-09-13T11:40:23.216+0530","caller":"runtime/asm_amd64.s:1371","msg":"Remote Listener Started on Port 6054"}
{"level":"debug","time":"2022-09-13T11:40:23.220+0530","caller":"runtime/asm_amd64.s:1371","msg":"Successfully started sshd listener on port: 4157"}
{"level":"debug","time":"2022-09-13T11:40:23.290+0530","caller":"runtime/asm_amd64.s:1371","msg":"Successfully started sshd listener on port: 24304"}
{"level":"debug","time":"2022-09-13T11:40:23.341+0530","caller":"runtime/asm_amd64.s:1371","msg":"Successfully started sshd listener on port: 6546"}
{"level":"debug","time":"2022-09-13T11:40:30.994+0530","caller":"runtime/asm_amd64.s:1371","msg":"handling connect request for URL https://accounts.google.com:443"}
{"level":"debug","time":"2022-09-13T11:40:32.525+0530","caller":"runtime/asm_amd64.s:1371","msg":"handling connect request for URL https://the-internet.herokuapp.com:443"}
{"level":"debug","time":"2022-09-13T11:40:32.527+0530","caller":"runtime/asm_amd64.s:1371","msg":"handling connect request for URL https://the-internet.herokuapp.com:443"}
{"level":"debug","time":"2022-09-13T11:40:33.243+0530","caller":"runtime/asm_amd64.s:1371","msg":"handling connect request for URL https://accounts.google.com:443"}
{"level":"debug","time":"2022-09-13T11:40:35.435+0530","caller":"runtime/asm_amd64.s:1371","msg":"handling connect request for URL https://the-internet.herokuapp.com:443"}
{"level":"debug","time":"2022-09-13T11:40:35.436+0530","caller":"runtime/asm_amd64.s:1371","msg":"handling connect request for URL https://the-internet.herokuapp.com:443"}
{"level":"debug","time":"2022-09-13T11:40:35.439+0530","caller":"runtime/asm_amd64.s:1371","msg":"handling connect request for URL https://the-internet.herokuapp.com:443"}
{"level":"debug","time":"2022-09-13T11:40:35.441+0530","caller":"runtime/asm_amd64.s:1371","msg":"handling connect request for URL https://the-internet.herokuapp.com:443"}
{"level":"debug","time":"2022-09-13T11:40:38.829+0530","caller":"runtime/asm_amd64.s:1371","msg":"handling connect request for URL https://298279967.log.optimizely.com:443"}
{"level":"warn","time":"2022-09-13T11:40:38.836+0530","caller":"custom/setup.go:660","msg":"error while tunneling https request for host 298279967.log.optimizely.com:443, dial tcp: lookup 298279967.log.optimizely.com: no such host"}
{"level":"debug","time":"2022-09-13T11:40:40.339+0530","caller":"runtime/asm_amd64.s:1371","msg":"handling connect request for URL https://298279967.log.optimizely.com:443"}
{"level":"warn","time":"2022-09-13T11:40:40.340+0530","caller":"custom/setup.go:660","msg":"error while tunneling https request for host 298279967.log.optimizely.com:443, dial tcp: lookup 298279967.log.optimizely.com: no such host"}
{"level":"debug","time":"2022-09-13T11:40:43.031+0530","caller":"runtime/asm_amd64.s:1371","msg":"handling connect request for URL https://298279967.log.optimizely.com:443"}
{"level":"warn","time":"2022-09-13T11:40:43.032+0530","caller":"custom/setup.go:660","msg":"error while tunneling https request for host 298279967.log.optimizely.com:443, dial tcp: lookup 298279967.log.optimizely.com: no such host"}
{"level":"debug","time":"2022-09-13T11:40:43.988+0530","caller":"runtime/asm_amd64.s:1371","msg":"handling connect request for URL https://298279967.log.optimizely.com:443"}
{"level":"debug","time":"2022-09-13T11:40:43.989+0530","caller":"runtime/asm_amd64.s:1371","msg":"handling connect request for URL https://298279967.log.optimizely.com:443"}
{"level":"debug","time":"2022-09-13T11:40:43.989+0530","caller":"runtime/asm_amd64.s:1371","msg":"handling connect request for URL https://298279967.log.optimizely.com:443"}
{"level":"warn","time":"2022-09-13T11:40:43.995+0530","caller":"custom/setup.go:660","msg":"error while tunneling https request for host 298279967.log.optimizely.com:443, dial tcp: lookup 298279967.log.optimizely.com: no such host"}
{"level":"warn","time":"2022-09-13T11:40:43.995+0530","caller":"custom/setup.go:660","msg":"error while tunneling https request for host 298279967.log.optimizely.com:443, dial tcp: lookup 298279967.log.optimizely.com: no such host"}
{"level":"warn","time":"2022-09-13T11:40:43.995+0530","caller":"custom/setup.go:660","msg":"error while tunneling https request for host 298279967.log.optimizely.com:443, dial tcp: lookup 298279967.log.optimizely.com: no such host"}
{"level":"debug","time":"2022-09-13T11:40:44.608+0530","caller":"runtime/asm_amd64.s:1371","msg":"handling connect request for URL https://298279967.log.optimizely.com:443"}
{"level":"warn","time":"2022-09-13T11:40:44.609+0530","caller":"custom/setup.go:660","msg":"error while tunneling https request for host 298279967.log.optimizely.com:443, dial tcp: lookup 298279967.log.optimizely.com: no such host"}
{"level":"debug","time":"2022-09-13T11:40:45.497+0530","caller":"runtime/asm_amd64.s:1371","msg":"handling connect request for URL https://298279967.log.optimizely.com:443"}
{"level":"warn","time":"2022-09-13T11:40:45.498+0530","caller":"custom/setup.go:660","msg":"error while tunneling https request for host 298279967.log.optimizely.com:443, dial tcp: lookup 298279967.log.optimizely.com: no such host"}
{"level":"debug","time":"2022-09-13T11:40:45.501+0530","caller":"runtime/asm_amd64.s:1371","msg":"handling connect request for URL https://298279967.log.optimizely.com:443"}
{"level":"warn","time":"2022-09-13T11:40:45.501+0530","caller":"custom/setup.go:660","msg":"error while tunneling https request for host 298279967.log.optimizely.com:443, dial tcp: lookup 298279967.log.optimizely.com: no such host"}
{"level":"debug","time":"2022-09-13T11:40:45.508+0530","caller":"runtime/asm_amd64.s:1371","msg":"handling connect request for URL https://298279967.log.optimizely.com:443"}
{"level":"warn","time":"2022-09-13T11:40:45.509+0530","caller":"custom/setup.go:660","msg":"error while tunneling https request for host 298279967.log.optimizely.com:443, dial tcp: lookup 298279967.log.optimizely.com: no such host"}
{"level":"debug","time":"2022-09-13T11:40:54.935+0530","caller":"runtime/asm_amd64.s:1371","msg":"Shutting down the server"}
{"level":"debug","time":"2022-09-13T11:40:54.935+0530","caller":"cmd/lt.go:205","msg":"Context cancelled"}
{"level":"info","time":"2022-09-13T11:40:54.935+0530","caller":"cmd/lt.go:205","msg":"Stopping tunnel"}
{"level":"debug","time":"2022-09-13T11:40:54.943+0530","caller":"custom/setup.go:740","msg":"Exiting the sink proxy"}
{"level":"debug","time":"2022-09-13T11:40:54.944+0530","caller":"runtime/asm_amd64.s:1371","msg":"Unusual close error on control channel..."}
{"level":"debug","time":"2022-09-13T11:40:54.944+0530","caller":"runtime/asm_amd64.s:1371","msg":"Write loop ended for control channel"}
