{"level":"info","time":"2022-09-13T11:46:46.617+0530","caller":"cobra/command.go:854","msg":"LambdaTest Tunnel version: 3.1.24"}
{"level":"debug","time":"2022-09-13T11:46:46.618+0530","caller":"cmd/lt.go:205","msg":"Starting pipeline....."}
{"level":"debug","time":"2022-09-13T11:46:46.618+0530","caller":"cmd/lt.go:205","msg":"OS: windows, Arch: amd64"}
{"level":"debug","time":"2022-09-13T11:46:46.618+0530","caller":"cmd/lt.go:205","msg":"Fetching config"}
{"level":"debug","time":"2022-09-13T11:46:46.619+0530","caller":"runtime/asm_amd64.s:1371","msg":"Starting tunnel With flags: --user mayankmaurya --key ***** --controller npm --infoAPIPort 51584 --tunnelName LT-LP-02951584 --logFile LT-LP-02951584.log --port 51585"}
{"level":"debug","time":"2022-09-13T11:46:47.143+0530","caller":"cmd/lt.go:205","msg":"Remote config fetched"}
{"level":"debug","time":"2022-09-13T11:46:47.434+0530","caller":"core/lifecycle.go:152","msg":"Starting API server"}
{"level":"debug","time":"2022-09-13T11:46:47.434+0530","caller":"core/lifecycle.go:138","msg":"Starting sink proxy"}
{"level":"debug","time":"2022-09-13T11:46:47.434+0530","caller":"runtime/asm_amd64.s:1371","msg":"Trying on port 443"}
{"level":"debug","time":"2022-09-13T11:46:47.434+0530","caller":"runtime/asm_amd64.s:1371","msg":"Trying over ssh over ws"}
{"level":"debug","time":"2022-09-13T11:46:47.434+0530","caller":"runtime/asm_amd64.s:1371","msg":"Trying on port 22"}
{"level":"debug","time":"2022-09-13T11:46:47.434+0530","caller":"apiserver/setup.go:173","msg":"Starting API server for tunnel info on port: 51584"}
{"level":"info","time":"2022-09-13T11:46:47.485+0530","caller":"custom/setup.go:740","msg":"Tunnel binary started on port :51585"}
{"level":"debug","time":"2022-09-13T11:46:47.542+0530","caller":"runtime/asm_amd64.s:1371","msg":"WSS connection was successful"}
{"level":"debug","time":"2022-09-13T11:46:48.220+0530","caller":"runtime/asm_amd64.s:1371","msg":"SSH connection over ws successful"}
{"level":"debug","time":"2022-09-13T11:46:48.243+0530","caller":"runtime/asm_amd64.s:1371","msg":"SSH connection over port 443 successful"}
{"level":"debug","time":"2022-09-13T11:46:48.331+0530","caller":"runtime/asm_amd64.s:1371","msg":"SSH connection over port 22 successful"}
{"level":"info","time":"2022-09-13T11:46:48.331+0530","caller":"core/lifecycle.go:115","msg":"Using ssh(over_22) :: connection mode"}
{"level":"info","time":"2022-09-13T11:46:48.331+0530","caller":"cmd/lt.go:205","msg":"Launching tunnel"}
{"level":"debug","time":"2022-09-13T11:46:48.331+0530","caller":"core/lifecycle.go:233","msg":"Starting control ws connection at wss://ts.lambdatest.com/monitor"}
{"level":"debug","time":"2022-09-13T11:46:49.230+0530","caller":"core/lifecycle.go:233","msg":"Control ws channel opened"}
{"level":"debug","time":"2022-09-13T11:46:49.230+0530","caller":"runtime/asm_amd64.s:1371","msg":"Starting message listener on control connection"}
{"level":"debug","time":"2022-09-13T11:46:50.667+0530","caller":"runtime/asm_amd64.s:1371","msg":"Sending tunnel registered message to channels"}
{"level":"debug","time":"2022-09-13T11:46:50.667+0530","caller":"runtime/asm_amd64.s:1371","msg":"Tunnel registered message received on control channel"}
{"level":"debug","time":"2022-09-13T11:46:50.667+0530","caller":"runtime/asm_amd64.s:1371","msg":"controller bus registered"}
{"level":"debug","time":"2022-09-13T11:46:50.667+0530","caller":"core/lifecycle.go:283","msg":"Using 5 ssh connection"}
{"level":"debug","time":"2022-09-13T11:46:51.563+0530","caller":"runtime/asm_amd64.s:1371","msg":"Successfully started sshd listener on port: 20274"}
{"level":"debug","time":"2022-09-13T11:46:51.611+0530","caller":"runtime/asm_amd64.s:1371","msg":"Successfully started sshd listener on port: 28807"}
{"level":"info","time":"2022-09-13T11:46:51.611+0530","caller":"runtime/asm_amd64.s:1371","msg":"You can start testing now"}
{"level":"info","time":"2022-09-13T11:46:51.611+0530","caller":"runtime/asm_amd64.s:1371","msg":"Tunnel ID: 2124883"}
{"level":"debug","time":"2022-09-13T11:46:51.611+0530","caller":"runtime/asm_amd64.s:1371","msg":"Remote Listener Started on Port 27525"}
{"level":"debug","time":"2022-09-13T11:46:51.612+0530","caller":"runtime/asm_amd64.s:1371","msg":"Successfully started sshd listener on port: 7152"}
{"level":"debug","time":"2022-09-13T11:46:51.758+0530","caller":"runtime/asm_amd64.s:1371","msg":"Successfully started sshd listener on port: 1974"}
{"level":"debug","time":"2022-09-13T11:46:51.767+0530","caller":"runtime/asm_amd64.s:1371","msg":"Successfully started sshd listener on port: 1827"}
{"level":"debug","time":"2022-09-13T11:47:00.873+0530","caller":"runtime/asm_amd64.s:1371","msg":"handling connect request for URL https://accounts.google.com:443"}
{"level":"debug","time":"2022-09-13T11:47:02.552+0530","caller":"runtime/asm_amd64.s:1371","msg":"handling connect request for URL https://the-internet.herokuapp.com:443"}
{"level":"debug","time":"2022-09-13T11:47:02.557+0530","caller":"runtime/asm_amd64.s:1371","msg":"handling connect request for URL https://the-internet.herokuapp.com:443"}
{"level":"debug","time":"2022-09-13T11:47:03.103+0530","caller":"runtime/asm_amd64.s:1371","msg":"handling connect request for URL https://accounts.google.com:443"}
{"level":"debug","time":"2022-09-13T11:47:05.752+0530","caller":"runtime/asm_amd64.s:1371","msg":"handling connect request for URL https://the-internet.herokuapp.com:443"}
{"level":"debug","time":"2022-09-13T11:47:05.753+0530","caller":"runtime/asm_amd64.s:1371","msg":"handling connect request for URL https://the-internet.herokuapp.com:443"}
{"level":"debug","time":"2022-09-13T11:47:05.753+0530","caller":"runtime/asm_amd64.s:1371","msg":"handling connect request for URL https://the-internet.herokuapp.com:443"}
{"level":"debug","time":"2022-09-13T11:47:05.766+0530","caller":"runtime/asm_amd64.s:1371","msg":"handling connect request for URL https://the-internet.herokuapp.com:443"}
{"level":"debug","time":"2022-09-13T11:47:07.166+0530","caller":"runtime/asm_amd64.s:1371","msg":"handling connect request for URL https://298279967.log.optimizely.com:443"}
{"level":"warn","time":"2022-09-13T11:47:07.173+0530","caller":"custom/setup.go:660","msg":"error while tunneling https request for host 298279967.log.optimizely.com:443, dial tcp: lookup 298279967.log.optimizely.com: no such host"}
{"level":"debug","time":"2022-09-13T11:47:08.714+0530","caller":"runtime/asm_amd64.s:1371","msg":"handling connect request for URL https://298279967.log.optimizely.com:443"}
{"level":"warn","time":"2022-09-13T11:47:08.715+0530","caller":"custom/setup.go:660","msg":"error while tunneling https request for host 298279967.log.optimizely.com:443, dial tcp: lookup 298279967.log.optimizely.com: no such host"}
{"level":"debug","time":"2022-09-13T11:47:13.122+0530","caller":"runtime/asm_amd64.s:1371","msg":"handling connect request for URL https://298279967.log.optimizely.com:443"}
{"level":"warn","time":"2022-09-13T11:47:13.128+0530","caller":"custom/setup.go:660","msg":"error while tunneling https request for host 298279967.log.optimizely.com:443, dial tcp: lookup 298279967.log.optimizely.com: no such host"}
{"level":"debug","time":"2022-09-13T11:47:14.263+0530","caller":"runtime/asm_amd64.s:1371","msg":"handling connect request for URL https://298279967.log.optimizely.com:443"}
{"level":"warn","time":"2022-09-13T11:47:14.264+0530","caller":"custom/setup.go:660","msg":"error while tunneling https request for host 298279967.log.optimizely.com:443, dial tcp: lookup 298279967.log.optimizely.com: no such host"}
{"level":"debug","time":"2022-09-13T11:47:14.273+0530","caller":"runtime/asm_amd64.s:1371","msg":"handling connect request for URL https://298279967.log.optimizely.com:443"}
{"level":"warn","time":"2022-09-13T11:47:14.274+0530","caller":"custom/setup.go:660","msg":"error while tunneling https request for host 298279967.log.optimizely.com:443, dial tcp: lookup 298279967.log.optimizely.com: no such host"}
{"level":"debug","time":"2022-09-13T11:47:14.300+0530","caller":"runtime/asm_amd64.s:1371","msg":"handling connect request for URL https://298279967.log.optimizely.com:443"}
{"level":"warn","time":"2022-09-13T11:47:14.300+0530","caller":"custom/setup.go:660","msg":"error while tunneling https request for host 298279967.log.optimizely.com:443, dial tcp: lookup 298279967.log.optimizely.com: no such host"}
{"level":"debug","time":"2022-09-13T11:47:14.654+0530","caller":"runtime/asm_amd64.s:1371","msg":"handling connect request for URL https://298279967.log.optimizely.com:443"}
{"level":"warn","time":"2022-09-13T11:47:14.655+0530","caller":"custom/setup.go:660","msg":"error while tunneling https request for host 298279967.log.optimizely.com:443, dial tcp: lookup 298279967.log.optimizely.com: no such host"}
{"level":"debug","time":"2022-09-13T11:47:15.756+0530","caller":"runtime/asm_amd64.s:1371","msg":"handling connect request for URL https://298279967.log.optimizely.com:443"}
{"level":"warn","time":"2022-09-13T11:47:15.756+0530","caller":"custom/setup.go:660","msg":"error while tunneling https request for host 298279967.log.optimizely.com:443, dial tcp: lookup 298279967.log.optimizely.com: no such host"}
{"level":"debug","time":"2022-09-13T11:47:15.797+0530","caller":"runtime/asm_amd64.s:1371","msg":"handling connect request for URL https://298279967.log.optimizely.com:443"}
{"level":"warn","time":"2022-09-13T11:47:15.798+0530","caller":"custom/setup.go:660","msg":"error while tunneling https request for host 298279967.log.optimizely.com:443, dial tcp: lookup 298279967.log.optimizely.com: no such host"}
{"level":"debug","time":"2022-09-13T11:47:15.839+0530","caller":"runtime/asm_amd64.s:1371","msg":"handling connect request for URL https://298279967.log.optimizely.com:443"}
{"level":"warn","time":"2022-09-13T11:47:15.839+0530","caller":"custom/setup.go:660","msg":"error while tunneling https request for host 298279967.log.optimizely.com:443, dial tcp: lookup 298279967.log.optimizely.com: no such host"}
{"level":"debug","time":"2022-09-13T11:47:25.184+0530","caller":"cmd/lt.go:205","msg":"Context cancelled"}
{"level":"debug","time":"2022-09-13T11:47:25.185+0530","caller":"custom/setup.go:740","msg":"Exiting the sink proxy"}
{"level":"info","time":"2022-09-13T11:47:25.185+0530","caller":"cmd/lt.go:205","msg":"Stopping tunnel"}
{"level":"debug","time":"2022-09-13T11:47:25.185+0530","caller":"runtime/asm_amd64.s:1371","msg":"Shutting down the server"}
{"level":"debug","time":"2022-09-13T11:47:25.190+0530","caller":"runtime/asm_amd64.s:1371","msg":"Unusual close error on control channel..."}
{"level":"debug","time":"2022-09-13T11:47:25.190+0530","caller":"runtime/asm_amd64.s:1371","msg":"Write loop ended for control channel"}
