{"level":"info","time":"2022-09-13T11:41:59.655+0530","caller":"cobra/command.go:854","msg":"LambdaTest Tunnel version: 3.1.24"}
{"level":"debug","time":"2022-09-13T11:41:59.655+0530","caller":"cmd/lt.go:205","msg":"Starting pipeline....."}
{"level":"debug","time":"2022-09-13T11:41:59.657+0530","caller":"cmd/lt.go:205","msg":"OS: windows, Arch: amd64"}
{"level":"debug","time":"2022-09-13T11:41:59.657+0530","caller":"cmd/lt.go:205","msg":"Fetching config"}
{"level":"debug","time":"2022-09-13T11:41:59.657+0530","caller":"runtime/asm_amd64.s:1371","msg":"Starting tunnel With flags: --user mayankmaurya --key ***** --controller npm --infoAPIPort 51159 --tunnelName LT-LP-02951159 --logFile LT-LP-02951159.log --port 51161"}
{"level":"debug","time":"2022-09-13T11:42:00.178+0530","caller":"cmd/lt.go:205","msg":"Remote config fetched"}
{"level":"debug","time":"2022-09-13T11:42:00.484+0530","caller":"core/lifecycle.go:152","msg":"Starting API server"}
{"level":"debug","time":"2022-09-13T11:42:00.484+0530","caller":"core/lifecycle.go:138","msg":"Starting sink proxy"}
{"level":"debug","time":"2022-09-13T11:42:00.484+0530","caller":"runtime/asm_amd64.s:1371","msg":"Trying on port 22"}
{"level":"debug","time":"2022-09-13T11:42:00.484+0530","caller":"runtime/asm_amd64.s:1371","msg":"Trying on port 443"}
{"level":"debug","time":"2022-09-13T11:42:00.484+0530","caller":"runtime/asm_amd64.s:1371","msg":"Trying over ssh over ws"}
{"level":"debug","time":"2022-09-13T11:42:00.486+0530","caller":"apiserver/setup.go:173","msg":"Starting API server for tunnel info on port: 51159"}
{"level":"info","time":"2022-09-13T11:42:00.538+0530","caller":"custom/setup.go:740","msg":"Tunnel binary started on port :51161"}
{"level":"debug","time":"2022-09-13T11:42:00.610+0530","caller":"runtime/asm_amd64.s:1371","msg":"WSS connection was successful"}
{"level":"debug","time":"2022-09-13T11:42:01.303+0530","caller":"runtime/asm_amd64.s:1371","msg":"SSH connection over port 443 successful"}
{"level":"debug","time":"2022-09-13T11:42:01.304+0530","caller":"runtime/asm_amd64.s:1371","msg":"SSH connection over ws successful"}
{"level":"debug","time":"2022-09-13T11:42:01.341+0530","caller":"runtime/asm_amd64.s:1371","msg":"SSH connection over port 22 successful"}
{"level":"info","time":"2022-09-13T11:42:01.341+0530","caller":"core/lifecycle.go:115","msg":"Using ssh(over_22) :: connection mode"}
{"level":"info","time":"2022-09-13T11:42:01.341+0530","caller":"cmd/lt.go:205","msg":"Launching tunnel"}
{"level":"debug","time":"2022-09-13T11:42:01.342+0530","caller":"core/lifecycle.go:233","msg":"Starting control ws connection at wss://ts.lambdatest.com/monitor"}
{"level":"debug","time":"2022-09-13T11:42:02.125+0530","caller":"core/lifecycle.go:233","msg":"Control ws channel opened"}
{"level":"debug","time":"2022-09-13T11:42:02.131+0530","caller":"runtime/asm_amd64.s:1371","msg":"Starting message listener on control connection"}
{"level":"debug","time":"2022-09-13T11:42:03.327+0530","caller":"runtime/asm_amd64.s:1371","msg":"Sending tunnel registered message to channels"}
{"level":"debug","time":"2022-09-13T11:42:03.327+0530","caller":"runtime/asm_amd64.s:1371","msg":"Tunnel registered message received on control channel"}
{"level":"debug","time":"2022-09-13T11:42:03.327+0530","caller":"runtime/asm_amd64.s:1371","msg":"controller bus registered"}
{"level":"debug","time":"2022-09-13T11:42:03.327+0530","caller":"core/lifecycle.go:283","msg":"Using 5 ssh connection"}
{"level":"debug","time":"2022-09-13T11:42:04.223+0530","caller":"runtime/asm_amd64.s:1371","msg":"Successfully started sshd listener on port: 12577"}
{"level":"debug","time":"2022-09-13T11:42:04.223+0530","caller":"runtime/asm_amd64.s:1371","msg":"Successfully started sshd listener on port: 12606"}
{"level":"info","time":"2022-09-13T11:42:04.223+0530","caller":"runtime/asm_amd64.s:1371","msg":"You can start testing now"}
{"level":"info","time":"2022-09-13T11:42:04.223+0530","caller":"runtime/asm_amd64.s:1371","msg":"Tunnel ID: 2124871"}
{"level":"debug","time":"2022-09-13T11:42:04.223+0530","caller":"runtime/asm_amd64.s:1371","msg":"Remote Listener Started on Port 28283"}
{"level":"debug","time":"2022-09-13T11:42:04.229+0530","caller":"runtime/asm_amd64.s:1371","msg":"Successfully started sshd listener on port: 2348"}
{"level":"debug","time":"2022-09-13T11:42:04.253+0530","caller":"runtime/asm_amd64.s:1371","msg":"Successfully started sshd listener on port: 1977"}
{"level":"debug","time":"2022-09-13T11:42:04.332+0530","caller":"runtime/asm_amd64.s:1371","msg":"Successfully started sshd listener on port: 17388"}
{"level":"debug","time":"2022-09-13T11:42:12.478+0530","caller":"runtime/asm_amd64.s:1371","msg":"handling connect request for URL https://accounts.google.com:443"}
{"level":"debug","time":"2022-09-13T11:42:14.127+0530","caller":"runtime/asm_amd64.s:1371","msg":"handling connect request for URL https://the-internet.herokuapp.com:443"}
{"level":"debug","time":"2022-09-13T11:42:14.133+0530","caller":"runtime/asm_amd64.s:1371","msg":"handling connect request for URL https://the-internet.herokuapp.com:443"}
{"level":"debug","time":"2022-09-13T11:42:14.716+0530","caller":"runtime/asm_amd64.s:1371","msg":"handling connect request for URL https://accounts.google.com:443"}
{"level":"debug","time":"2022-09-13T11:42:17.088+0530","caller":"runtime/asm_amd64.s:1371","msg":"handling connect request for URL https://the-internet.herokuapp.com:443"}
{"level":"debug","time":"2022-09-13T11:42:17.099+0530","caller":"runtime/asm_amd64.s:1371","msg":"handling connect request for URL https://the-internet.herokuapp.com:443"}
{"level":"debug","time":"2022-09-13T11:42:17.099+0530","caller":"runtime/asm_amd64.s:1371","msg":"handling connect request for URL https://the-internet.herokuapp.com:443"}
{"level":"debug","time":"2022-09-13T11:42:17.100+0530","caller":"runtime/asm_amd64.s:1371","msg":"handling connect request for URL https://the-internet.herokuapp.com:443"}
{"level":"debug","time":"2022-09-13T11:42:18.248+0530","caller":"runtime/asm_amd64.s:1371","msg":"handling connect request for URL https://298279967.log.optimizely.com:443"}
{"level":"warn","time":"2022-09-13T11:42:18.253+0530","caller":"custom/setup.go:660","msg":"error while tunneling https request for host 298279967.log.optimizely.com:443, dial tcp: lookup 298279967.log.optimizely.com: no such host"}
{"level":"debug","time":"2022-09-13T11:42:19.766+0530","caller":"runtime/asm_amd64.s:1371","msg":"handling connect request for URL https://298279967.log.optimizely.com:443"}
{"level":"warn","time":"2022-09-13T11:42:19.772+0530","caller":"custom/setup.go:660","msg":"error while tunneling https request for host 298279967.log.optimizely.com:443, dial tcp: lookup 298279967.log.optimizely.com: no such host"}
{"level":"debug","time":"2022-09-13T11:42:24.128+0530","caller":"runtime/asm_amd64.s:1371","msg":"handling connect request for URL https://298279967.log.optimizely.com:443"}
{"level":"warn","time":"2022-09-13T11:42:24.133+0530","caller":"custom/setup.go:660","msg":"error while tunneling https request for host 298279967.log.optimizely.com:443, dial tcp: lookup 298279967.log.optimizely.com: no such host"}
{"level":"debug","time":"2022-09-13T11:42:25.109+0530","caller":"runtime/asm_amd64.s:1371","msg":"handling connect request for URL https://298279967.log.optimizely.com:443"}
{"level":"warn","time":"2022-09-13T11:42:25.110+0530","caller":"custom/setup.go:660","msg":"error while tunneling https request for host 298279967.log.optimizely.com:443, dial tcp: lookup 298279967.log.optimizely.com: no such host"}
{"level":"debug","time":"2022-09-13T11:42:25.112+0530","caller":"runtime/asm_amd64.s:1371","msg":"handling connect request for URL https://298279967.log.optimizely.com:443"}
{"level":"warn","time":"2022-09-13T11:42:25.112+0530","caller":"custom/setup.go:660","msg":"error while tunneling https request for host 298279967.log.optimizely.com:443, dial tcp: lookup 298279967.log.optimizely.com: no such host"}
{"level":"debug","time":"2022-09-13T11:42:25.130+0530","caller":"runtime/asm_amd64.s:1371","msg":"handling connect request for URL https://298279967.log.optimizely.com:443"}
{"level":"warn","time":"2022-09-13T11:42:25.131+0530","caller":"custom/setup.go:660","msg":"error while tunneling https request for host 298279967.log.optimizely.com:443, dial tcp: lookup 298279967.log.optimizely.com: no such host"}
{"level":"debug","time":"2022-09-13T11:42:25.656+0530","caller":"runtime/asm_amd64.s:1371","msg":"handling connect request for URL https://298279967.log.optimizely.com:443"}
{"level":"warn","time":"2022-09-13T11:42:25.657+0530","caller":"custom/setup.go:660","msg":"error while tunneling https request for host 298279967.log.optimizely.com:443, dial tcp: lookup 298279967.log.optimizely.com: no such host"}
{"level":"debug","time":"2022-09-13T11:42:26.612+0530","caller":"runtime/asm_amd64.s:1371","msg":"handling connect request for URL https://298279967.log.optimizely.com:443"}
{"level":"warn","time":"2022-09-13T11:42:26.613+0530","caller":"custom/setup.go:660","msg":"error while tunneling https request for host 298279967.log.optimizely.com:443, dial tcp: lookup 298279967.log.optimizely.com: no such host"}
{"level":"debug","time":"2022-09-13T11:42:26.625+0530","caller":"runtime/asm_amd64.s:1371","msg":"handling connect request for URL https://298279967.log.optimizely.com:443"}
{"level":"warn","time":"2022-09-13T11:42:26.627+0530","caller":"custom/setup.go:660","msg":"error while tunneling https request for host 298279967.log.optimizely.com:443, dial tcp: lookup 298279967.log.optimizely.com: no such host"}
{"level":"debug","time":"2022-09-13T11:42:26.646+0530","caller":"runtime/asm_amd64.s:1371","msg":"handling connect request for URL https://298279967.log.optimizely.com:443"}
{"level":"warn","time":"2022-09-13T11:42:26.647+0530","caller":"custom/setup.go:660","msg":"error while tunneling https request for host 298279967.log.optimizely.com:443, dial tcp: lookup 298279967.log.optimizely.com: no such host"}
{"level":"debug","time":"2022-09-13T11:42:35.296+0530","caller":"cmd/lt.go:205","msg":"Context cancelled"}
{"level":"debug","time":"2022-09-13T11:42:35.297+0530","caller":"custom/setup.go:740","msg":"Exiting the sink proxy"}
{"level":"info","time":"2022-09-13T11:42:35.297+0530","caller":"cmd/lt.go:205","msg":"Stopping tunnel"}
{"level":"debug","time":"2022-09-13T11:42:35.297+0530","caller":"runtime/asm_amd64.s:1371","msg":"Shutting down the server"}
{"level":"debug","time":"2022-09-13T11:42:35.298+0530","caller":"runtime/asm_amd64.s:1371","msg":"Unusual close error on control channel..."}
{"level":"debug","time":"2022-09-13T11:42:35.298+0530","caller":"runtime/asm_amd64.s:1371","msg":"Write loop ended for control channel"}
